{"@timestamp":"2023-05-12T12:17:15.955Z","@version":"1","message":"Starting BackendApplication using Java 11.0.16 on af7c102c1374 with PID 8 (/app.jar started by root in /)","logger_name":"com.graphy.backend.BackendApplication","thread_name":"main","level":"INFO","level_value":20000}
{"@timestamp":"2023-05-12T12:17:15.957Z","@version":"1","message":"HV000001: Hibernate Validator 6.2.5.Final","logger_name":"org.hibernate.validator.internal.util.Version","thread_name":"background-preinit","level":"INFO","level_value":20000}
{"@timestamp":"2023-05-12T12:17:16.020Z","@version":"1","message":"The following 1 profile is active: \"docker\"","logger_name":"com.graphy.backend.BackendApplication","thread_name":"main","level":"INFO","level_value":20000}
{"@timestamp":"2023-05-12T12:17:20.215Z","@version":"1","message":"Bootstrapping Spring Data JPA repositories in DEFAULT mode.","logger_name":"org.springframework.data.repository.config.RepositoryConfigurationDelegate","thread_name":"main","level":"INFO","level_value":20000}
{"@timestamp":"2023-05-12T12:17:20.444Z","@version":"1","message":"Finished Spring Data repository scanning in 191 ms. Found 4 JPA repository interfaces.","logger_name":"org.springframework.data.repository.config.RepositoryConfigurationDelegate","thread_name":"main","level":"INFO","level_value":20000}
{"@timestamp":"2023-05-12T12:17:27.293Z","@version":"1","message":"Tomcat initialized with port(s): 8080 (http)","logger_name":"org.springframework.boot.web.embedded.tomcat.TomcatWebServer","thread_name":"main","level":"INFO","level_value":20000}
{"@timestamp":"2023-05-12T12:17:27.448Z","@version":"1","message":"Initializing ProtocolHandler [\"http-nio-8080\"]","logger_name":"org.apache.coyote.http11.Http11NioProtocol","thread_name":"main","level":"INFO","level_value":20000}
{"@timestamp":"2023-05-12T12:17:27.464Z","@version":"1","message":"Starting service [Tomcat]","logger_name":"org.apache.catalina.core.StandardService","thread_name":"main","level":"INFO","level_value":20000}
{"@timestamp":"2023-05-12T12:17:27.476Z","@version":"1","message":"Starting Servlet engine: [Apache Tomcat/9.0.71]","logger_name":"org.apache.catalina.core.StandardEngine","thread_name":"main","level":"INFO","level_value":20000}
{"@timestamp":"2023-05-12T12:17:27.844Z","@version":"1","message":"Initializing Spring embedded WebApplicationContext","logger_name":"org.apache.catalina.core.ContainerBase.[Tomcat].[localhost].[/]","thread_name":"main","level":"INFO","level_value":20000}
{"@timestamp":"2023-05-12T12:17:27.849Z","@version":"1","message":"Root WebApplicationContext: initialization completed in 11554 ms","logger_name":"org.springframework.boot.web.servlet.context.ServletWebServerApplicationContext","thread_name":"main","level":"INFO","level_value":20000}
{"@timestamp":"2023-05-12T12:17:29.138Z","@version":"1","message":"HHH000204: Processing PersistenceUnitInfo [name: default]","logger_name":"org.hibernate.jpa.internal.util.LogHelper","thread_name":"main","level":"INFO","level_value":20000}
{"@timestamp":"2023-05-12T12:17:29.620Z","@version":"1","message":"HHH000412: Hibernate ORM core version 5.6.15.Final","logger_name":"org.hibernate.Version","thread_name":"main","level":"INFO","level_value":20000}
{"@timestamp":"2023-05-12T12:17:31.406Z","@version":"1","message":"HCANN000001: Hibernate Commons Annotations {5.1.2.Final}","logger_name":"org.hibernate.annotations.common.Version","thread_name":"main","level":"INFO","level_value":20000}
{"@timestamp":"2023-05-12T12:17:32.360Z","@version":"1","message":"HikariPool-1 - Starting...","logger_name":"com.zaxxer.hikari.HikariDataSource","thread_name":"main","level":"INFO","level_value":20000}
{"@timestamp":"2023-05-12T12:17:34.584Z","@version":"1","message":"HikariPool-1 - Start completed.","logger_name":"com.zaxxer.hikari.HikariDataSource","thread_name":"main","level":"INFO","level_value":20000}
{"@timestamp":"2023-05-12T12:17:35.162Z","@version":"1","message":"HHH000400: Using dialect: org.hibernate.dialect.MySQL57Dialect","logger_name":"org.hibernate.dialect.Dialect","thread_name":"main","level":"INFO","level_value":20000}
{"@timestamp":"2023-05-12T12:17:46.400Z","@version":"1","message":"HHH000490: Using JtaPlatform implementation: [org.hibernate.engine.transaction.jta.platform.internal.NoJtaPlatform]","logger_name":"org.hibernate.engine.transaction.jta.platform.internal.JtaPlatformInitiator","thread_name":"main","level":"INFO","level_value":20000}
{"@timestamp":"2023-05-12T12:17:46.468Z","@version":"1","message":"Initialized JPA EntityManagerFactory for persistence unit 'default'","logger_name":"org.springframework.orm.jpa.LocalContainerEntityManagerFactoryBean","thread_name":"main","level":"INFO","level_value":20000}
{"@timestamp":"2023-05-12T12:17:55.357Z","@version":"1","message":"spring.jpa.open-in-view is enabled by default. Therefore, database queries may be performed during view rendering. Explicitly configure spring.jpa.open-in-view to disable this warning","logger_name":"org.springframework.boot.autoconfigure.orm.jpa.JpaBaseConfiguration$JpaWebConfiguration","thread_name":"main","level":"WARN","level_value":30000}
{"@timestamp":"2023-05-12T12:18:02.495Z","@version":"1","message":"Starting ProtocolHandler [\"http-nio-8080\"]","logger_name":"org.apache.coyote.http11.Http11NioProtocol","thread_name":"main","level":"INFO","level_value":20000}
{"@timestamp":"2023-05-12T12:18:02.719Z","@version":"1","message":"Tomcat started on port(s): 8080 (http) with context path ''","logger_name":"org.springframework.boot.web.embedded.tomcat.TomcatWebServer","thread_name":"main","level":"INFO","level_value":20000}
{"@timestamp":"2023-05-12T12:18:02.828Z","@version":"1","message":"Started BackendApplication in 49.917 seconds (JVM running for 52.359)","logger_name":"com.graphy.backend.BackendApplication","thread_name":"main","level":"INFO","level_value":20000}
{"@timestamp":"2023-05-12T12:18:52.293Z","@version":"1","message":"Initializing Spring DispatcherServlet 'dispatcherServlet'","logger_name":"org.apache.catalina.core.ContainerBase.[Tomcat].[localhost].[/]","thread_name":"http-nio-8080-exec-1","level":"INFO","level_value":20000}
{"@timestamp":"2023-05-12T12:18:52.303Z","@version":"1","message":"Initializing Servlet 'dispatcherServlet'","logger_name":"org.springframework.web.servlet.DispatcherServlet","thread_name":"http-nio-8080-exec-1","level":"INFO","level_value":20000}
{"@timestamp":"2023-05-12T12:18:52.316Z","@version":"1","message":"Completed initialization in 8 ms","logger_name":"org.springframework.web.servlet.DispatcherServlet","thread_name":"http-nio-8080-exec-1","level":"INFO","level_value":20000}
{"@timestamp":"2023-05-12T12:18:52.582Z","@version":"1","message":"Request: GET http://localhost:8080/api/v1/projects/11: ","logger_name":"com.graphy.backend.global.config.logaspect.LoggingAspect","thread_name":"http-nio-8080-exec-1","level":"INFO","level_value":20000}
{"@timestamp":"2023-05-12T12:18:52.596Z","@version":"1","message":"이미 삭제되거나 존재하지 않는 프로젝트","logger_name":"com.graphy.backend.global.error.GlobalExceptionHandler","thread_name":"http-nio-8080-exec-1","level":"WARN","level_value":30000}
{"@timestamp":"2023-05-12T12:18:55.287Z","@version":"1","message":"Request: GET http://localhost:8080/api/v1/projects/1: ","logger_name":"com.graphy.backend.global.config.logaspect.LoggingAspect","thread_name":"http-nio-8080-exec-2","level":"INFO","level_value":20000}
{"@timestamp":"2023-05-12T12:18:55.298Z","@version":"1","message":"이미 삭제되거나 존재하지 않는 프로젝트","logger_name":"com.graphy.backend.global.error.GlobalExceptionHandler","thread_name":"http-nio-8080-exec-2","level":"WARN","level_value":30000}
